[
  {
    "level": "INFO",
    "message": "android.ndkVersion from module build.gradle is 21.2.6472646"
  },
  {
    "level": "INFO",
    "message": "ndk.dir in local.properties is not set"
  },
  {
    "level": "INFO",
    "message": "ANDROID_NDK_HOME environment variable is not set"
  },
  {
    "level": "INFO",
    "message": "sdkFolder is D:\\AndroidSDK"
  },
  {
    "level": "INFO",
    "message": "Considering D:\\AndroidSDK\\ndk-bundle in SDK ndk-bundle folder"
  },
  {
    "level": "INFO",
    "message": "Considering D:\\AndroidSDK\\ndk\\21.0.6113669 in SDK ndk folder"
  },
  {
    "level": "INFO",
    "message": "Considering D:\\AndroidSDK\\ndk\\21.2.6472646 in SDK ndk folder"
  },
  {
    "level": "INFO",
    "message": "Considering D:\\AndroidSDK\\ndk\\22.0.6917172 in SDK ndk folder"
  },
  {
    "level": "INFO",
    "message": "Rejected D:\\AndroidSDK\\ndk-bundle in SDK ndk-bundle folder because that location has no source.properties"
  },
  {
    "level": "INFO",
    "message": "Found requested NDK version 21.2.6472646 at D:\\AndroidSDK\\ndk\\21.2.6472646"
  }
]